Unit Test Results

Engine Diagnostic Tests

Summary
Tests

Failures

Errors

19
5
2
Note: failures are anticipated and checked for with assertions while errors are unanticipated.

Description

The test suite validates net.cars packages:
- net.cars.chassis
- net.cars.documents
- net.cars.engine

Test sign-off area

Page 1

Success rate

Time

63.16%

0.338

Unit Test Results

Engine Diagnostic Tests

Packages
Note: package statistics are not computed recursively, they only sum up all of its testsuites numbers.

Name

Tests

Errors Failures

Time(s)

Time Stamp

net.cars.documents
net.cars.engine
net.cars.engine.diagnostics.selftest.computer.backup

1
17
1

0
2
0

0.207
0.118
0.013

2007-11-02T23:13:49
2007-11-02T23:13:50
2007-11-02T23:13:50

Name

Tests

Errors Failures

Time(s)

Time Stamp

AssuranceTest

1

0

0.207

2007-11-02T23:13:49

Name

Tests

Errors Failures

Time(s)

Time Stamp

BougieTest
CarburateurTest
DelcoTest
DemareurTest
MoteurTest
PistonTest

2
1
1
2
6
5

1
0
0
0
0
1

0.017
0.013
0.009
0.010
0.021
0.048

2007-11-02T23:13:50
2007-11-02T23:13:50
2007-11-02T23:13:50
2007-11-02T23:13:50
2007-11-02T23:13:50
2007-11-02T23:13:50

0
4
1

Package net.cars.documents

0

Package net.cars.engine

0
1
0
0
0
3

Package net.cars.engine.diagnostics.selftest.computer.backup
Name

Tests

Errors Failures

Time(s)

Time Stamp

BootTest

1

0

0.013

2007-11-02T23:13:50

Page 2

1

Unit Test Results

Engine Diagnostic Tests

TestCase AssuranceTest
Name

Status Type

Time(s)

covered

Success

0.009

Description

This is a testcase to validate the documents associated with net.cars.
Typical checkpoints are payment status, expiry date, compliance, signatures.

Page 3

Unit Test Results

Engine Diagnostic Tests

TestCase BootTest
Name

Status Type

spindleAngle

Failure

Page 4

Time(s)

junit.framework.AssertionFailedError: at
0.003
net.cars.engine.diagnostics.selftest.computer.backup.BootTest.spindleAngle(BootTest.java:35)

Unit Test Results

Engine Diagnostic Tests

TestCase BougieTest
Name

Status Type

Time(s)

sparkDry
sparkHumid

Success
Error humidity level too high

0.001
0.005

java.lang.RuntimeException: humidity level too high
at net.cars.engine.Bougie.spark(Unknown Source) at
net.cars.engine.BougieTest.sparkHumid(BougieTest.java:36)

Description

This is a testcase to check if sparks perform as per specifications.
Sparks should work reliable when physical conditions are within range.

Page 5

Unit Test Results

Engine Diagnostic Tests

TestCase CarburateurTest
Name

Status Type

Time(s)

mix

Failure Mix should be exactly 25. expected:<25> but was:<20>

0.004

junit.framework.AssertionFailedError: Mix should
be exactly 25. expected:<25> but was:<20> at
net.cars.engine.CarburateurTest.mix(CarburateurTest.java:34)

Page 6

Unit Test Results

Engine Diagnostic Tests

TestCase DelcoTest
Name

Status Type

Time(s)

rotate

Success

0.000

Page 7

Unit Test Results

Log DelcoTest
Rotation is simulated for a four spark engine with an angle of 0?.

Page 8

Engine Diagnostic Tests

Unit Test Results

Engine Diagnostic Tests

TestCase DemareurTest
Name

Status Type

Time(s)

start
releaseGrip

Success
Success

0.001
0.001

Page 9

Unit Test Results

Engine Diagnostic Tests

TestCase MoteurTest
Name

Status Type

Time(s)

hasBougie
hasCarburatueur
hasDelco
hasDemareur
hasPiston
selfTest

Success
Success
Success
Success
Success
Success

0.001
0.001
0.002
0.001
0.001
0.001

Description

This is a testcase to test the engine assembly.
It checks if all required parts are mounted, and performs a diagnostic selftest.

Page 10

Unit Test Results

Engine Diagnostic Tests

TestCase PistonTest
Name

Status Type

Time(s)

moveUp

Error

0.022

test timed out after 1 milliseconds
java.lang.Exception: test timed out after 1 milliseconds

moveDown
checkStatus

Success
Failure Plunger status invalid to proceed driving.

0.001
0.003

junit.framework.AssertionFailedError:
Plunger status invalid to proceed driving. at
net.cars.engine.PistonTest.checkStatus(PistonTest.java:42)

checkSpeed

Failure Plunger upward speed below specifications.

0.008

junit.framework.AssertionFailedError:
Plunger upward speed below specifications. at
net.cars.engine.PistonTest.checkSpeed(PistonTest.java:47)

lubricate

Failure Failed to lubricate the plunger.
junit.framework.AssertionFailedError:
Failed to lubricate the plunger. at
net.cars.engine.PistonTest.lubricate(PistonTest.java:52)

Page 11

0.003

Unit Test Results

Log PistonTest
Slowly moving up

Page 12

Engine Diagnostic Tests

